Xtext Language Server is starting.
Xtext Language Server has been started.
[Trace - 09:21:31 PM] Received request 'initialize - (0)'
Params: {
  "processId": 14376,
  "rootPath": "d:\\programowanie\\zapisywarka",
  "rootUri": "file:///d%3A/programowanie/zapisywarka",
  "capabilities": {
    "workspace": {
      "applyEdit": true,
      "workspaceEdit": {
        "documentChanges": true,
        "resourceOperations": [
          "create",
          "rename",
          "delete"
        ],
        "failureHandling": "textOnlyTransactional"
      },
      "didChangeConfiguration": {
        "dynamicRegistration": true
      },
      "didChangeWatchedFiles": {
        "dynamicRegistration": true
      },
      "symbol": {
        "symbolKind": {
          "valueSet": [
            1,
            2,
            3,
            4,
            5,
            6,
            7,
            8,
            9,
            10,
            11,
            12,
            13,
            14,
            15,
            16,
            17,
            18,
            19,
            20,
            21,
            22,
            23,
            24,
            25,
            26
          ]
        },
        "dynamicRegistration": true
      },
      "executeCommand": {
        "dynamicRegistration": true
      },
      "workspaceFolders": true,
      "configuration": true
    },
    "textDocument": {
      "synchronization": {
        "willSave": true,
        "willSaveWaitUntil": true,
        "didSave": true,
        "dynamicRegistration": true
      },
      "completion": {
        "completionItem": {
          "snippetSupport": true,
          "commitCharactersSupport": true,
          "documentationFormat": [
            "markdown",
            "plaintext"
          ],
          "deprecatedSupport": true,
          "preselectSupport": true
        },
        "completionItemKind": {
          "valueSet": [
            1,
            2,
            3,
            4,
            5,
            6,
            7,
            8,
            9,
            10,
            11,
            12,
            13,
            14,
            15,
            16,
            17,
            18,
            19,
            20,
            21,
            22,
            23,
            24,
            25
          ]
        },
        "contextSupport": true,
        "dynamicRegistration": true
      },
      "hover": {
        "contentFormat": [
          "markdown",
          "plaintext"
        ],
        "dynamicRegistration": true
      },
      "signatureHelp": {
        "signatureInformation": {
          "documentationFormat": [
            "markdown",
            "plaintext"
          ],
          "parameterInformation": {
            "labelOffsetSupport": true
          }
        },
        "dynamicRegistration": true
      },
      "references": {
        "dynamicRegistration": true
      },
      "documentHighlight": {
        "dynamicRegistration": true
      },
      "documentSymbol": {
        "symbolKind": {
          "valueSet": [
            1,
            2,
            3,
            4,
            5,
            6,
            7,
            8,
            9,
            10,
            11,
            12,
            13,
            14,
            15,
            16,
            17,
            18,
            19,
            20,
            21,
            22,
            23,
            24,
            25,
            26
          ]
        },
        "hierarchicalDocumentSymbolSupport": true,
        "dynamicRegistration": true
      },
      "formatting": {
        "dynamicRegistration": true
      },
      "rangeFormatting": {
        "dynamicRegistration": true
      },
      "onTypeFormatting": {
        "dynamicRegistration": true
      },
      "declaration": {
        "linkSupport": true,
        "dynamicRegistration": true
      },
      "definition": {
        "linkSupport": true,
        "dynamicRegistration": true
      },
      "typeDefinition": {
        "linkSupport": true,
        "dynamicRegistration": true
      },
      "implementation": {
        "linkSupport": true,
        "dynamicRegistration": true
      },
      "codeAction": {
        "codeActionLiteralSupport": {
          "codeActionKind": {
            "valueSet": [
              "",
              "quickfix",
              "refactor",
              "refactor.extract",
              "refactor.inline",
              "refactor.rewrite",
              "source",
              "source.organizeImports"
            ]
          }
        },
        "dynamicRegistration": true
      },
      "codeLens": {
        "dynamicRegistration": true
      },
      "documentLink": {
        "dynamicRegistration": true
      },
      "colorProvider": {
        "dynamicRegistration": true
      },
      "rename": {
        "prepareSupport": true,
        "dynamicRegistration": true
      },
      "publishDiagnostics": {
        "relatedInformation": true
      },
      "foldingRange": {
        "rangeLimit": 5000,
        "lineFoldingOnly": true,
        "dynamicRegistration": true
      }
    }
  },
  "trace": "off",
  "workspaceFolders": [
    {
      "uri": "file:///d%3A/programowanie/zapisywarka",
      "name": "zapisywarka"
    }
  ]
}


